<?xml version="1.0" encoding="UTF-8"?>
<!-- Generated by org.testng.reporters.JUnitReportReporter -->
<testsuite hostname="DESKTOP-0O9N60N" failures="0" tests="3" name="com.nxtgenai.testcases.HandlingPopUp" time="0.336" errors="0" timestamp="2022-11-08T21:43:03 IST" skipped="0">
  <testcase classname="com.nxtgenai.testcases.HandlingPopUp" name="validateAlertPopUp" time="0.062"/>
  <system-out/>
  <testcase classname="com.nxtgenai.testcases.HandlingPopUp" name="validateConfirmAlertPopUp" time="0.102"/>
  <system-out/>
  <testcase classname="com.nxtgenai.testcases.HandlingPopUp" name="validatePromptAlertPopUp" time="0.172"/>
  <system-out/>
</testsuite> <!-- com.nxtgenai.testcases.HandlingPopUp -->
