<?xml version="1.0" encoding="UTF-8"?>
<!-- Generated by org.testng.reporters.JUnitReportReporter -->
<testsuite hostname="DESKTOP-0O9N60N" failures="0" tests="3" name="com.nxtgenai.testcases.HandlingMultipleWindows" time="10.331" errors="0" timestamp="2022-11-08T21:43:03 IST" skipped="0">
  <testcase classname="com.nxtgenai.testcases.HandlingMultipleWindows" name="handlingMultipleBrowsers" time="3.374"/>
  <system-out/>
  <testcase classname="com.nxtgenai.testcases.HandlingMultipleWindows" name="handlingMultipleTabs" time="4.506"/>
  <system-out/>
  <testcase classname="com.nxtgenai.testcases.HandlingMultipleWindows" name="handlingMultipleMessageWindow" time="2.451"/>
  <system-out/>
</testsuite> <!-- com.nxtgenai.testcases.HandlingMultipleWindows -->
