<?xml version="1.0" encoding="UTF-8"?>
<!-- Generated by org.testng.reporters.JUnitReportReporter -->
<testsuite hostname="DESKTOP-0O9N60N" failures="0" tests="2" name="com.nxtgenai.testcases.RegisterDemo" time="10.996" errors="0" timestamp="2022-11-08T21:43:03 IST" skipped="0">
  <testcase classname="com.nxtgenai.testcases.RegisterDemo" name="registerUser" time="5.416"/>
  <system-out/>
  <testcase classname="com.nxtgenai.testcases.RegisterDemo" name="registerUser" time="5.580"/>
  <system-out/>
</testsuite> <!-- com.nxtgenai.testcases.RegisterDemo -->
